12-10 20:19:24.143 KITTI has a total of 200 images
12-10 20:19:24.143 KITTI-train: 179 images
12-10 20:19:26.219 Class Uniform Percentage: 0.5
12-10 20:19:26.219 Class Uniform items per Epoch:179
12-10 20:19:26.221 cls 0 len 609
12-10 20:19:26.221 cls 1 len 390
12-10 20:19:26.221 cls 2 len 374
12-10 20:19:26.221 cls 3 len 102
12-10 20:19:26.221 cls 4 len 148
12-10 20:19:26.221 cls 5 len 514
12-10 20:19:26.221 cls 6 len 206
12-10 20:19:26.221 cls 7 len 325
12-10 20:19:26.221 cls 8 len 682
12-10 20:19:26.221 cls 9 len 551
12-10 20:19:26.221 cls 10 len 547
12-10 20:19:26.221 cls 11 len 57
12-10 20:19:26.221 cls 12 len 22
12-10 20:19:26.221 cls 13 len 504
12-10 20:19:26.221 cls 14 len 84
12-10 20:19:26.221 cls 15 len 23
12-10 20:19:26.221 cls 16 len 26
12-10 20:19:26.221 cls 17 len 8
12-10 20:19:26.221 cls 18 len 33
12-10 20:19:26.223 KITTI has a total of 200 images
12-10 20:19:26.223 KITTI-trainval: 200 images
12-10 20:19:26.223 Using Per Image based weighted loss
12-10 20:19:26.225 Using Cross Entropy Loss
12-10 20:19:26.414 Trunk: WideResnet38
12-10 20:19:27.439 Global Average Pooling Initialized
