12-18 15:39:14.918 forest has a total of 5000 images
12-18 15:39:14.919 forest-train: 4500 images
12-18 15:40:33.933 Class Uniform Percentage: 0.5
12-18 15:40:33.934 Class Uniform items per Epoch:4500
12-18 15:40:33.935 cls 0 len 6287
12-18 15:40:33.935 cls 1 len 9616
12-18 15:40:33.935 cls 2 len 23655
12-18 15:40:33.935 cls 3 len 9322
12-18 15:40:33.935 cls 4 len 5498
12-18 15:40:33.935 cls 5 len 12317
12-18 15:40:33.935 cls 6 len 16713
12-18 15:40:33.935 cls 7 len 3893
12-18 15:40:33.936 cls 8 len 1521
12-18 15:40:33.936 cls 9 len 33
12-18 15:40:33.936 cls 10 len 16244
12-18 15:40:33.936 cls 11 len 2688
12-18 15:40:33.936 cls 12 len 341
12-18 15:40:33.936 cls 13 len 565
12-18 15:40:33.936 cls 14 len 464
12-18 15:40:33.936 cls 15 len 948
12-18 15:40:33.936 cls 16 len 236
12-18 15:40:33.936 cls 17 len 344
12-18 15:40:33.936 cls 18 len 9107
12-18 15:40:33.936 cls 19 len 820
12-18 15:40:33.936 cls 20 len 213
12-18 15:40:33.960 forest has a total of 5000 images
12-18 15:40:33.961 forest-trainval: 5000 images
12-18 15:40:33.961 Using Per Image based weighted loss
12-18 15:40:33.962 Using Cross Entropy Loss
12-18 15:40:33.982 Trunk: WideResnet38
12-18 15:40:34.944 Global Average Pooling Initialized
12-18 15:40:37.807 Skipped loading parameter module.mod2.block1.bn1.0.num_batches_tracked
12-18 15:40:37.808 Skipped loading parameter module.mod2.block1.convs.bn2.0.num_batches_tracked
12-18 15:40:37.808 Skipped loading parameter module.mod2.block2.bn1.0.num_batches_tracked
12-18 15:40:37.808 Skipped loading parameter module.mod2.block2.convs.bn2.0.num_batches_tracked
12-18 15:40:37.808 Skipped loading parameter module.mod2.block3.bn1.0.num_batches_tracked
12-18 15:40:37.808 Skipped loading parameter module.mod2.block3.convs.bn2.0.num_batches_tracked
12-18 15:40:37.808 Skipped loading parameter module.mod3.block1.bn1.0.num_batches_tracked
12-18 15:40:37.808 Skipped loading parameter module.mod3.block1.convs.bn2.0.num_batches_tracked
12-18 15:40:37.808 Skipped loading parameter module.mod3.block2.bn1.0.num_batches_tracked
12-18 15:40:37.808 Skipped loading parameter module.mod3.block2.convs.bn2.0.num_batches_tracked
12-18 15:40:37.808 Skipped loading parameter module.mod3.block3.bn1.0.num_batches_tracked
12-18 15:40:37.808 Skipped loading parameter module.mod3.block3.convs.bn2.0.num_batches_tracked
12-18 15:40:37.808 Skipped loading parameter module.mod4.block1.bn1.0.num_batches_tracked
12-18 15:40:37.808 Skipped loading parameter module.mod4.block1.convs.bn2.0.num_batches_tracked
12-18 15:40:37.808 Skipped loading parameter module.mod4.block2.bn1.0.num_batches_tracked
12-18 15:40:37.809 Skipped loading parameter module.mod4.block2.convs.bn2.0.num_batches_tracked
12-18 15:40:37.809 Skipped loading parameter module.mod4.block3.bn1.0.num_batches_tracked
12-18 15:40:37.809 Skipped loading parameter module.mod4.block3.convs.bn2.0.num_batches_tracked
12-18 15:40:37.809 Skipped loading parameter module.mod4.block4.bn1.0.num_batches_tracked
12-18 15:40:37.809 Skipped loading parameter module.mod4.block4.convs.bn2.0.num_batches_tracked
12-18 15:40:37.809 Skipped loading parameter module.mod4.block5.bn1.0.num_batches_tracked
12-18 15:40:37.809 Skipped loading parameter module.mod4.block5.convs.bn2.0.num_batches_tracked
12-18 15:40:37.809 Skipped loading parameter module.mod4.block6.bn1.0.num_batches_tracked
12-18 15:40:37.809 Skipped loading parameter module.mod4.block6.convs.bn2.0.num_batches_tracked
12-18 15:40:37.809 Skipped loading parameter module.mod5.block1.bn1.0.num_batches_tracked
12-18 15:40:37.809 Skipped loading parameter module.mod5.block1.convs.bn2.0.num_batches_tracked
12-18 15:40:37.809 Skipped loading parameter module.mod5.block2.bn1.0.num_batches_tracked
12-18 15:40:37.809 Skipped loading parameter module.mod5.block2.convs.bn2.0.num_batches_tracked
12-18 15:40:37.809 Skipped loading parameter module.mod5.block3.bn1.0.num_batches_tracked
12-18 15:40:37.809 Skipped loading parameter module.mod5.block3.convs.bn2.0.num_batches_tracked
12-18 15:40:37.809 Skipped loading parameter module.mod6.block1.bn1.0.num_batches_tracked
12-18 15:40:37.809 Skipped loading parameter module.mod6.block1.adapt.semantic.weight
12-18 15:40:37.809 Skipped loading parameter module.mod6.block1.se.fc.semantic.0.weight
12-18 15:40:37.809 Skipped loading parameter module.mod6.block1.se.fc.semantic.0.bias
12-18 15:40:37.810 Skipped loading parameter module.mod6.block1.se.fc.semantic.2.weight
12-18 15:40:37.810 Skipped loading parameter module.mod6.block1.se.fc.semantic.2.bias
12-18 15:40:37.810 Skipped loading parameter module.mod6.block1.convs.bn2.0.num_batches_tracked
12-18 15:40:37.810 Skipped loading parameter module.mod6.block1.convs.bn3.0.num_batches_tracked
12-18 15:40:37.810 Skipped loading parameter module.mod7.block1.bn1.0.num_batches_tracked
12-18 15:40:37.810 Skipped loading parameter module.mod7.block1.adapt.semantic.weight
12-18 15:40:37.810 Skipped loading parameter module.mod7.block1.se.fc.semantic.0.weight
12-18 15:40:37.810 Skipped loading parameter module.mod7.block1.se.fc.semantic.0.bias
12-18 15:40:37.810 Skipped loading parameter module.mod7.block1.se.fc.semantic.2.weight
12-18 15:40:37.810 Skipped loading parameter module.mod7.block1.se.fc.semantic.2.bias
12-18 15:40:37.810 Skipped loading parameter module.mod7.block1.convs.bn2.0.num_batches_tracked
12-18 15:40:37.810 Skipped loading parameter module.mod7.block1.convs.bn3.0.num_batches_tracked
12-18 15:40:37.810 Skipped loading parameter module.bn_out.0.num_batches_tracked
12-18 15:40:38.215 Model params = 142.4M
12-18 15:40:38.253 Loading weights from model ./pretrained_models/kitti_best.pth
12-18 15:40:39.347 Checkpoint Load Compelete
12-18 15:40:39.349 Skipped loading parameter module.mod6.block1.adapt.semantic.weight
12-18 15:40:39.349 Skipped loading parameter module.mod6.block1.se.fc.semantic.0.weight
12-18 15:40:39.349 Skipped loading parameter module.mod6.block1.se.fc.semantic.0.bias
12-18 15:40:39.349 Skipped loading parameter module.mod6.block1.se.fc.semantic.2.weight
12-18 15:40:39.349 Skipped loading parameter module.mod6.block1.se.fc.semantic.2.bias
12-18 15:40:39.349 Skipped loading parameter module.mod7.block1.adapt.semantic.weight
12-18 15:40:39.349 Skipped loading parameter module.mod7.block1.se.fc.semantic.0.weight
12-18 15:40:39.349 Skipped loading parameter module.mod7.block1.se.fc.semantic.0.bias
12-18 15:40:39.349 Skipped loading parameter module.mod7.block1.se.fc.semantic.2.weight
12-18 15:40:39.349 Skipped loading parameter module.mod7.block1.se.fc.semantic.2.bias
12-18 15:40:39.349 Skipped loading parameter module.final.6.weight
12-18 15:40:39.614 Skipped loading parameter module.mod6.block1.adapt.semantic.weight
12-18 15:40:39.614 Skipped loading parameter module.mod6.block1.se.fc.semantic.0.weight
12-18 15:40:39.614 Skipped loading parameter module.mod6.block1.se.fc.semantic.0.bias
12-18 15:40:39.614 Skipped loading parameter module.mod6.block1.se.fc.semantic.2.weight
12-18 15:40:39.614 Skipped loading parameter module.mod6.block1.se.fc.semantic.2.bias
12-18 15:40:39.614 Skipped loading parameter module.mod7.block1.adapt.semantic.weight
12-18 15:40:39.614 Skipped loading parameter module.mod7.block1.se.fc.semantic.0.weight
12-18 15:40:39.614 Skipped loading parameter module.mod7.block1.se.fc.semantic.0.bias
12-18 15:40:39.614 Skipped loading parameter module.mod7.block1.se.fc.semantic.2.weight
12-18 15:40:39.614 Skipped loading parameter module.mod7.block1.se.fc.semantic.2.bias
12-18 15:40:39.614 Skipped loading parameter module.final.6.weight
