12-18 15:28:26.338 forest has a total of 5000 images
12-18 15:28:26.338 forest-train: 4500 images
12-18 15:29:44.278 Class Uniform Percentage: 0.5
12-18 15:29:44.279 Class Uniform items per Epoch:4500
12-18 15:29:44.280 cls 0 len 6287
12-18 15:29:44.280 cls 1 len 9616
12-18 15:29:44.281 cls 2 len 23655
12-18 15:29:44.281 cls 3 len 9322
12-18 15:29:44.281 cls 4 len 5498
12-18 15:29:44.281 cls 5 len 12317
12-18 15:29:44.281 cls 6 len 16713
12-18 15:29:44.281 cls 7 len 3893
12-18 15:29:44.281 cls 8 len 1521
12-18 15:29:44.281 cls 9 len 33
12-18 15:29:44.281 cls 10 len 16244
12-18 15:29:44.281 cls 11 len 2688
12-18 15:29:44.281 cls 12 len 341
12-18 15:29:44.281 cls 13 len 565
12-18 15:29:44.281 cls 14 len 464
12-18 15:29:44.281 cls 15 len 948
12-18 15:29:44.281 cls 16 len 236
12-18 15:29:44.281 cls 17 len 344
12-18 15:29:44.281 cls 18 len 9107
12-18 15:29:44.281 cls 19 len 820
12-18 15:29:44.281 cls 20 len 213
12-18 15:29:44.315 forest has a total of 5000 images
12-18 15:29:44.316 forest-trainval: 5000 images
12-18 15:29:44.316 Using Per Image based weighted loss
12-18 15:29:44.317 Using Cross Entropy Loss
12-18 15:29:44.735 Trunk: WideResnet38
12-18 15:29:45.691 Global Average Pooling Initialized
12-18 15:29:48.585 Skipped loading parameter module.mod2.block1.bn1.0.num_batches_tracked
12-18 15:29:48.586 Skipped loading parameter module.mod2.block1.convs.bn2.0.num_batches_tracked
12-18 15:29:48.586 Skipped loading parameter module.mod2.block2.bn1.0.num_batches_tracked
12-18 15:29:48.586 Skipped loading parameter module.mod2.block2.convs.bn2.0.num_batches_tracked
12-18 15:29:48.586 Skipped loading parameter module.mod2.block3.bn1.0.num_batches_tracked
12-18 15:29:48.586 Skipped loading parameter module.mod2.block3.convs.bn2.0.num_batches_tracked
12-18 15:29:48.586 Skipped loading parameter module.mod3.block1.bn1.0.num_batches_tracked
12-18 15:29:48.586 Skipped loading parameter module.mod3.block1.convs.bn2.0.num_batches_tracked
12-18 15:29:48.586 Skipped loading parameter module.mod3.block2.bn1.0.num_batches_tracked
12-18 15:29:48.586 Skipped loading parameter module.mod3.block2.convs.bn2.0.num_batches_tracked
12-18 15:29:48.586 Skipped loading parameter module.mod3.block3.bn1.0.num_batches_tracked
12-18 15:29:48.586 Skipped loading parameter module.mod3.block3.convs.bn2.0.num_batches_tracked
12-18 15:29:48.586 Skipped loading parameter module.mod4.block1.bn1.0.num_batches_tracked
12-18 15:29:48.586 Skipped loading parameter module.mod4.block1.convs.bn2.0.num_batches_tracked
12-18 15:29:48.586 Skipped loading parameter module.mod4.block2.bn1.0.num_batches_tracked
12-18 15:29:48.586 Skipped loading parameter module.mod4.block2.convs.bn2.0.num_batches_tracked
12-18 15:29:48.586 Skipped loading parameter module.mod4.block3.bn1.0.num_batches_tracked
12-18 15:29:48.587 Skipped loading parameter module.mod4.block3.convs.bn2.0.num_batches_tracked
12-18 15:29:48.587 Skipped loading parameter module.mod4.block4.bn1.0.num_batches_tracked
12-18 15:29:48.587 Skipped loading parameter module.mod4.block4.convs.bn2.0.num_batches_tracked
12-18 15:29:48.587 Skipped loading parameter module.mod4.block5.bn1.0.num_batches_tracked
12-18 15:29:48.587 Skipped loading parameter module.mod4.block5.convs.bn2.0.num_batches_tracked
12-18 15:29:48.587 Skipped loading parameter module.mod4.block6.bn1.0.num_batches_tracked
12-18 15:29:48.587 Skipped loading parameter module.mod4.block6.convs.bn2.0.num_batches_tracked
12-18 15:29:48.587 Skipped loading parameter module.mod5.block1.bn1.0.num_batches_tracked
12-18 15:29:48.587 Skipped loading parameter module.mod5.block1.convs.bn2.0.num_batches_tracked
12-18 15:29:48.587 Skipped loading parameter module.mod5.block2.bn1.0.num_batches_tracked
12-18 15:29:48.587 Skipped loading parameter module.mod5.block2.convs.bn2.0.num_batches_tracked
12-18 15:29:48.587 Skipped loading parameter module.mod5.block3.bn1.0.num_batches_tracked
12-18 15:29:48.587 Skipped loading parameter module.mod5.block3.convs.bn2.0.num_batches_tracked
12-18 15:29:48.587 Skipped loading parameter module.mod6.block1.bn1.0.num_batches_tracked
12-18 15:29:48.587 Skipped loading parameter module.mod6.block1.adapt.semantic.weight
12-18 15:29:48.587 Skipped loading parameter module.mod6.block1.se.fc.semantic.0.weight
12-18 15:29:48.587 Skipped loading parameter module.mod6.block1.se.fc.semantic.0.bias
12-18 15:29:48.587 Skipped loading parameter module.mod6.block1.se.fc.semantic.2.weight
12-18 15:29:48.587 Skipped loading parameter module.mod6.block1.se.fc.semantic.2.bias
12-18 15:29:48.588 Skipped loading parameter module.mod6.block1.convs.bn2.0.num_batches_tracked
12-18 15:29:48.588 Skipped loading parameter module.mod6.block1.convs.bn3.0.num_batches_tracked
12-18 15:29:48.588 Skipped loading parameter module.mod7.block1.bn1.0.num_batches_tracked
12-18 15:29:48.588 Skipped loading parameter module.mod7.block1.adapt.semantic.weight
12-18 15:29:48.588 Skipped loading parameter module.mod7.block1.se.fc.semantic.0.weight
12-18 15:29:48.588 Skipped loading parameter module.mod7.block1.se.fc.semantic.0.bias
12-18 15:29:48.588 Skipped loading parameter module.mod7.block1.se.fc.semantic.2.weight
12-18 15:29:48.588 Skipped loading parameter module.mod7.block1.se.fc.semantic.2.bias
12-18 15:29:48.588 Skipped loading parameter module.mod7.block1.convs.bn2.0.num_batches_tracked
12-18 15:29:48.588 Skipped loading parameter module.mod7.block1.convs.bn3.0.num_batches_tracked
12-18 15:29:48.588 Skipped loading parameter module.bn_out.0.num_batches_tracked
12-18 15:29:48.994 Model params = 142.4M
12-18 15:29:49.032 Loading weights from model ./pretrained_models/kitti_best.pth
12-18 15:29:50.139 Checkpoint Load Compelete
12-18 15:29:50.141 Skipped loading parameter module.mod6.block1.adapt.semantic.weight
12-18 15:29:50.141 Skipped loading parameter module.mod6.block1.se.fc.semantic.0.weight
12-18 15:29:50.141 Skipped loading parameter module.mod6.block1.se.fc.semantic.0.bias
12-18 15:29:50.141 Skipped loading parameter module.mod6.block1.se.fc.semantic.2.weight
12-18 15:29:50.141 Skipped loading parameter module.mod6.block1.se.fc.semantic.2.bias
12-18 15:29:50.141 Skipped loading parameter module.mod7.block1.adapt.semantic.weight
12-18 15:29:50.141 Skipped loading parameter module.mod7.block1.se.fc.semantic.0.weight
12-18 15:29:50.141 Skipped loading parameter module.mod7.block1.se.fc.semantic.0.bias
12-18 15:29:50.141 Skipped loading parameter module.mod7.block1.se.fc.semantic.2.weight
12-18 15:29:50.141 Skipped loading parameter module.mod7.block1.se.fc.semantic.2.bias
12-18 15:29:50.142 Skipped loading parameter module.final.6.weight
12-18 15:29:50.273 Skipped loading parameter module.mod6.block1.adapt.semantic.weight
12-18 15:29:50.273 Skipped loading parameter module.mod6.block1.se.fc.semantic.0.weight
12-18 15:29:50.273 Skipped loading parameter module.mod6.block1.se.fc.semantic.0.bias
12-18 15:29:50.273 Skipped loading parameter module.mod6.block1.se.fc.semantic.2.weight
12-18 15:29:50.274 Skipped loading parameter module.mod6.block1.se.fc.semantic.2.bias
12-18 15:29:50.274 Skipped loading parameter module.mod7.block1.adapt.semantic.weight
12-18 15:29:50.274 Skipped loading parameter module.mod7.block1.se.fc.semantic.0.weight
12-18 15:29:50.274 Skipped loading parameter module.mod7.block1.se.fc.semantic.0.bias
12-18 15:29:50.274 Skipped loading parameter module.mod7.block1.se.fc.semantic.2.weight
12-18 15:29:50.274 Skipped loading parameter module.mod7.block1.se.fc.semantic.2.bias
12-18 15:29:50.274 Skipped loading parameter module.final.6.weight
